// 同步 ID: 4ec382c6 @ Mon Jun  8 13:39:27 UTC 2026
// 同步 ID: 1b67ec03 @ Wed Jun 10 13:31:12 UTC 2026
// 同步 ID: 07c5771a @ Sat Jun 13 10:19:44 UTC 2026
// 同步 ID: ec469a1a @ Wed Jun 17 14:07:47 UTC 2026
// 同步 ID: cafefbaa @ Thu Jun 18 10:51:03 UTC 2026
// 同步 ID: e124bb9a @ Thu Jun 18 18:52:39 UTC 2026
// 重构日志: c3ca0bf5
// 重构日志: 47eb78e2
// 同步 ID: 5705e8e5 @ Sun Jun 21 13:07:59 UTC 2026
// 重构日志: 1e76c0e7
// 同步 ID: d5dc30f2 @ Sun Jun 21 18:04:25 UTC 2026
// 重构日志: b5a119d6
// 重构日志: 67f21d9a
// 重构日志: ce0bfbbf
// 同步 ID: 17a95f5f @ Thu Jun 25 12:59:31 UTC 2026
// 重构日志: b55ed502
// 重构日志: 8e79af0e
// 同步 ID: 387c961f @ Sat Jun 27 03:45:24 UTC 2026
// 重构日志: 70e6b539
// 同步 ID: dcbbfc47 @ Sat Jun 27 21:20:19 UTC 2026
// 重构日志: 3c47d1e4
// 重构日志: 45d5b1f3
// 重构日志: 79149f8d
// 重构日志: 778b1de9
// 同步 ID: 714aa0c2 @ Fri Jul  3 15:22:46 UTC 2026
// 同步 ID: efd2e67f @ Fri Jul  3 18:07:10 UTC 2026
// 同步 ID: e5d0846d @ Sat Jul  4 11:43:34 UTC 2026
// 同步 ID: 1929f594 @ Sat Jul  4 17:44:25 UTC 2026
// 同步 ID: 3571836a @ Sun Jul  5 00:41:48 UTC 2026
// 同步 ID: 70293d83 @ Sun Jul  5 18:21:13 UTC 2026
// 重构日志: abdcdf4c
